10 12

W........W

W........W

W........W

W........W

W........W

W........W

W........W

W........W

W........W

W........W

W........W

W........WW.
.WWW.....W.
.WWW.....W.
.WWW.....W.
.WWW.....W.
.WWW.....W.
.WWW.....W.
.WWW.....W.
.WWW.....W.
.WWW.....W.
.WWW.....W.
.WWW.....W.
.WWW.....WWW
....WW..WWW
....WW..WWW
....WW..WWW
....WW..WWW
....WW..WWW
....WW..WWW
....WW..WWW
....WW..WWW
....WW..WWW
....WW..WWW
....WW..WWW
....WW...WW.
........WW.
........WW.
........WW.
........WW.
........WW.
........WW.
........WW.
........WW.
........WW.
........WW.
........WW.
.........WW.
........WW.
........WW.
........WW.
........WW.
........WW.
........WW.
........WW.
........WW.
........WW.
........WW.
........WW.
.........W..
..W.....W..
..W.....W..
..W.....W..
..W.....W..
..W.....W..
..W.....W..
..W.....W..
..W.....W..
..W.....W..
..W.....W..
..W.....W..
..W......W..
.W.W....W..
.W.W....W..
.W.W....W..
.W.W....W..
.W.W....W..
.W.W....W..
.W.W....W..
.W.W....W..
.W.W....W..
.W.W....W..
.W.W....W..
.W.W.....WW.
W.W.....WW.
W.W.....WW.
W.W.....WW.
W.W.....WW.
W.W.....WW.
W.W.....WW.
W.W.....WW.
W.W.....WW.
W.W.....WW.
W.W.....WW.
W.W.....WW.
W.W.W.....W.
.W.W.....W.
.W.W.....W.
.W.W.....W.
.W.W.....W.
.W.W.....W.
.W.W.....W.
.W.W.....W.
.W.W.....W.
.W.W.....W.
.W.W.....W.
.W.W.....W.
.W.W......W.
..W......W.
..W......W.
..W......W.
..W......W.
..W......W.
..W......W.
..W......W.
..W......W.
..W......W.
..W......W.
..W......W.
.